TN:
SF:src\app.ts
FNF:0
FNH:0
DA:1,0
DA:2,0
DA:3,0
DA:4,0
DA:5,0
DA:6,0
DA:7,0
DA:8,0
DA:9,0
DA:10,0
DA:11,0
DA:12,0
DA:14,0
DA:15,0
DA:17,0
DA:25,0
DA:26,0
DA:27,0
DA:29,0
DA:42,0
DA:43,0
DA:44,0
DA:45,0
DA:46,0
DA:48,0
DA:50,0
DA:52,0
LF:27
LH:0
BRF:0
BRH:0
end_of_record
TN:
SF:src\controllers\applicationController.ts
FN:12,(anonymous_1)
FN:118,(anonymous_2)
FN:178,(anonymous_3)
FN:196,(anonymous_4)
FN:214,(anonymous_5)
FNF:5
FNH:5
FNDA:6,(anonymous_1)
FNDA:5,(anonymous_2)
FNDA:2,(anonymous_3)
FNDA:2,(anonymous_4)
FNDA:3,(anonymous_5)
DA:2,1
DA:3,1
DA:4,1
DA:5,1
DA:6,1
DA:7,1
DA:8,1
DA:9,1
DA:11,1
DA:13,6
DA:15,6
DA:16,1
DA:19,5
DA:20,1
DA:23,4
DA:24,4
DA:26,4
DA:27,1
DA:30,3
DA:31,3
DA:39,2
DA:40,1
DA:43,1
DA:45,1
DA:50,1
DA:51,0
DA:54,1
DA:56,1
DA:57,0
DA:60,1
DA:65,1
DA:66,0
DA:69,1
DA:85,1
DA:86,1
DA:103,1
DA:109,1
DA:110,0
DA:112,1
DA:117,1
DA:119,5
DA:121,5
DA:122,1
DA:125,4
DA:126,4
DA:128,4
DA:129,1
DA:132,3
DA:134,3
DA:135,1
DA:138,2
DA:139,1
DA:142,1
DA:144,1
DA:146,0
DA:147,0
DA:150,0
DA:151,0
DA:153,0
DA:154,0
DA:155,0
DA:164,0
DA:167,0
DA:169,0
DA:177,1
DA:179,2
DA:181,2
DA:182,1
DA:185,1
DA:186,1
DA:188,1
DA:195,1
DA:197,2
DA:199,2
DA:200,1
DA:203,1
DA:204,1
DA:206,1
DA:213,1
DA:215,3
DA:217,3
DA:218,1
DA:221,2
DA:222,2
DA:224,2
DA:225,1
DA:228,1
DA:230,1
LF:88
LH:74
BRDA:15,0,0,1
BRDA:15,0,1,5
BRDA:19,1,0,1
BRDA:19,1,1,4
BRDA:19,2,0,5
BRDA:19,2,1,4
BRDA:26,3,0,1
BRDA:26,3,1,3
BRDA:39,4,0,1
BRDA:39,4,1,1
BRDA:39,5,0,2
BRDA:39,5,1,1
BRDA:50,6,0,0
BRDA:50,6,1,1
BRDA:56,7,0,0
BRDA:56,7,1,1
BRDA:65,8,0,0
BRDA:65,8,1,1
BRDA:65,9,0,1
BRDA:65,9,1,1
BRDA:65,9,2,1
BRDA:65,9,3,1
BRDA:65,9,4,1
BRDA:65,9,5,1
BRDA:65,9,6,1
BRDA:65,9,7,1
BRDA:95,10,0,1
BRDA:95,10,1,1
BRDA:96,11,0,0
BRDA:96,11,1,1
BRDA:109,12,0,0
BRDA:109,12,1,1
BRDA:109,13,0,1
BRDA:109,13,1,1
BRDA:121,14,0,1
BRDA:121,14,1,4
BRDA:128,15,0,1
BRDA:128,15,1,3
BRDA:134,16,0,1
BRDA:134,16,1,2
BRDA:138,17,0,1
BRDA:138,17,1,1
BRDA:146,18,0,0
BRDA:146,18,1,0
BRDA:154,19,0,0
BRDA:154,19,1,0
BRDA:154,20,0,0
BRDA:154,20,1,0
BRDA:154,20,2,0
BRDA:159,21,0,0
BRDA:159,21,1,0
BRDA:181,22,0,1
BRDA:181,22,1,1
BRDA:199,23,0,1
BRDA:199,23,1,1
BRDA:217,24,0,1
BRDA:217,24,1,2
BRDA:224,25,0,1
BRDA:224,25,1,1
BRF:59
BRH:45
end_of_record
TN:
SF:src\controllers\jobController.ts
FN:8,(anonymous_1)
FN:90,(anonymous_2)
FN:135,(anonymous_3)
FN:152,(anonymous_4)
FN:182,(anonymous_5)
FN:207,(anonymous_6)
FNF:6
FNH:6
FNDA:4,(anonymous_1)
FNDA:3,(anonymous_2)
FNDA:2,(anonymous_3)
FNDA:3,(anonymous_4)
FNDA:3,(anonymous_5)
FNDA:3,(anonymous_6)
DA:2,1
DA:3,1
DA:4,1
DA:5,1
DA:7,1
DA:9,4
DA:10,4
DA:11,4
DA:12,4
DA:13,4
DA:14,4
DA:15,4
DA:16,4
DA:18,4
DA:20,4
DA:22,4
DA:23,4
DA:24,4
DA:26,4
DA:27,1
DA:29,1
DA:30,1
DA:31,1
DA:32,1
DA:34,1
DA:35,1
DA:36,1
DA:37,1
DA:40,1
DA:41,1
DA:45,4
DA:46,4
DA:47,0
DA:48,0
DA:49,0
DA:50,4
DA:53,4
DA:54,4
DA:60,4
DA:62,4
DA:89,1
DA:91,3
DA:93,3
DA:94,1
DA:97,2
DA:99,2
DA:100,1
DA:103,1
DA:104,0
DA:107,1
DA:108,0
DA:111,1
DA:124,1
DA:126,1
DA:134,1
DA:136,2
DA:138,2
DA:139,1
DA:142,1
DA:144,1
DA:151,1
DA:153,3
DA:155,3
DA:156,1
DA:159,2
DA:160,2
DA:162,2
DA:163,1
DA:166,1
DA:172,1
DA:174,1
DA:181,1
DA:183,3
DA:185,3
DA:186,1
DA:189,2
DA:190,2
DA:192,2
DA:193,1
DA:196,1
DA:197,1
DA:199,1
DA:206,1
DA:208,3
DA:210,3
DA:211,3
DA:213,2
DA:214,1
DA:217,1
DA:222,1
LF:90
LH:85
BRDA:9,0,0,4
BRDA:9,0,1,3
BRDA:10,1,0,4
BRDA:10,1,1,3
BRDA:14,2,0,1
BRDA:14,2,1,3
BRDA:15,3,0,1
BRDA:15,3,1,3
BRDA:16,4,0,4
BRDA:16,4,1,4
BRDA:22,5,0,1
BRDA:22,5,1,3
BRDA:23,6,0,0
BRDA:23,6,1,4
BRDA:24,7,0,0
BRDA:24,7,1,4
BRDA:26,8,0,1
BRDA:26,8,1,3
BRDA:26,9,0,4
BRDA:26,9,1,3
BRDA:29,10,0,1
BRDA:29,10,1,0
BRDA:34,11,0,1
BRDA:34,11,1,0
BRDA:40,12,0,1
BRDA:40,12,1,0
BRDA:46,13,0,0
BRDA:46,13,1,0
BRDA:46,13,2,0
BRDA:46,13,3,4
BRDA:72,14,0,1
BRDA:72,14,1,3
BRDA:73,15,0,1
BRDA:73,15,1,3
BRDA:77,16,0,4
BRDA:77,16,1,3
BRDA:78,17,0,4
BRDA:78,17,1,4
BRDA:79,18,0,4
BRDA:79,18,1,4
BRDA:80,19,0,4
BRDA:80,19,1,3
BRDA:81,20,0,4
BRDA:81,20,1,3
BRDA:93,21,0,1
BRDA:93,21,1,2
BRDA:99,22,0,1
BRDA:99,22,1,1
BRDA:99,23,0,2
BRDA:99,23,1,2
BRDA:99,23,2,1
BRDA:99,23,3,1
BRDA:99,23,4,1
BRDA:99,23,5,1
BRDA:103,24,0,0
BRDA:103,24,1,1
BRDA:103,25,0,1
BRDA:103,25,1,0
BRDA:103,25,2,1
BRDA:107,26,0,0
BRDA:107,26,1,1
BRDA:107,27,0,1
BRDA:107,27,1,0
BRDA:107,27,2,0
BRDA:138,28,0,1
BRDA:138,28,1,1
BRDA:155,29,0,1
BRDA:155,29,1,2
BRDA:162,30,0,1
BRDA:162,30,1,1
BRDA:185,31,0,1
BRDA:185,31,1,2
BRDA:192,32,0,1
BRDA:192,32,1,1
BRDA:213,33,0,1
BRDA:213,33,1,1
BRF:76
BRH:63
end_of_record
TN:
SF:src\controllers\resumeController.ts
FN:13,(anonymous_1)
FNF:1
FNH:1
FNDA:3,(anonymous_1)
DA:2,1
DA:3,1
DA:4,1
DA:5,1
DA:7,1
DA:8,1
DA:10,1
DA:12,1
DA:14,3
DA:15,1
DA:18,2
DA:20,2
DA:22,2
DA:23,1
DA:26,1
DA:27,1
DA:30,0
DA:31,0
DA:33,0
DA:34,0
DA:40,0
DA:41,0
DA:42,0
DA:47,0
DA:50,0
DA:59,0
LF:26
LH:16
BRDA:14,0,0,1
BRDA:14,0,1,2
BRDA:14,1,0,3
BRDA:14,1,1,2
BRDA:22,2,0,1
BRDA:22,2,1,1
BRDA:26,3,0,1
BRDA:26,3,1,0
BRDA:54,4,0,0
BRDA:54,4,1,0
BRF:10
BRH:7
end_of_record
TN:
SF:src\controllers\sseController.ts
FN:11,(anonymous_0)
FN:32,(anonymous_1)
FN:42,(anonymous_2)
FN:51,(anonymous_3)
FN:62,(anonymous_4)
FN:78,(anonymous_5)
FN:79,(anonymous_6)
FN:82,(anonymous_7)
FN:84,(anonymous_8)
FN:86,(anonymous_9)
FNF:10
FNH:10
FNDA:15,(anonymous_0)
FNDA:14,(anonymous_1)
FNDA:1,(anonymous_2)
FNDA:1,(anonymous_3)
FNDA:6,(anonymous_4)
FNDA:1,(anonymous_5)
FNDA:3,(anonymous_6)
FNDA:3,(anonymous_7)
FNDA:2,(anonymous_8)
FNDA:1,(anonymous_9)
DA:9,2
DA:11,2
DA:12,15
DA:13,15
DA:15,15
DA:16,1
DA:17,1
DA:20,14
DA:21,1
DA:22,1
DA:25,13
DA:26,12
DA:27,12
DA:28,12
DA:29,12
DA:30,12
DA:32,12
DA:33,14
DA:36,12
DA:42,12
DA:43,1
DA:46,12
DA:47,12
DA:49,12
DA:51,12
DA:52,1
DA:53,1
DA:54,1
DA:57,1
DA:58,1
DA:62,2
DA:63,6
DA:65,6
DA:66,2
DA:67,2
DA:68,1
DA:70,1
DA:71,1
DA:75,4
DA:78,2
DA:79,3
DA:82,3
DA:84,2
DA:86,2
DA:87,1
LF:45
LH:45
BRDA:15,0,0,1
BRDA:15,0,1,14
BRDA:20,1,0,1
BRDA:20,1,1,13
BRDA:65,2,0,2
BRDA:65,2,1,4
BRF:6
BRH:6
end_of_record
TN:
SF:src\controllers\userController.ts
FN:8,(anonymous_1)
FN:27,(anonymous_2)
FN:55,(anonymous_3)
FN:67,(anonymous_4)
FNF:4
FNH:4
FNDA:3,(anonymous_1)
FNDA:5,(anonymous_2)
FNDA:1,(anonymous_3)
FNDA:1,(anonymous_4)
DA:2,1
DA:3,1
DA:4,1
DA:5,1
DA:7,1
DA:9,3
DA:11,3
DA:12,1
DA:15,2
DA:16,2
DA:17,1
DA:20,1
DA:22,1
DA:26,1
DA:28,5
DA:30,5
DA:31,1
DA:34,4
DA:36,4
DA:37,1
DA:40,3
DA:42,3
DA:43,1
DA:46,2
DA:47,1
DA:50,1
DA:54,1
DA:56,1
DA:66,1
DA:68,1
LF:30
LH:30
BRDA:11,0,0,1
BRDA:11,0,1,2
BRDA:11,1,0,3
BRDA:11,1,1,3
BRDA:11,1,2,2
BRDA:11,1,3,2
BRDA:11,1,4,2
BRDA:16,2,0,1
BRDA:16,2,1,1
BRDA:30,3,0,1
BRDA:30,3,1,4
BRDA:30,4,0,5
BRDA:30,4,1,5
BRDA:30,4,2,4
BRDA:36,5,0,1
BRDA:36,5,1,3
BRDA:42,6,0,1
BRDA:42,6,1,2
BRDA:46,7,0,1
BRDA:46,7,1,1
BRF:20
BRH:20
end_of_record
TN:
SF:src\middlewares\auth.ts
FN:8,(anonymous_1)
FNF:1
FNH:1
FNDA:6,(anonymous_1)
DA:2,1
DA:3,1
DA:4,1
DA:5,1
DA:7,1
DA:9,6
DA:11,6
DA:12,1
DA:15,5
DA:18,3
DA:20,3
LF:11
LH:11
BRDA:11,0,0,1
BRDA:11,0,1,5
BRF:2
BRH:2
end_of_record
TN:
SF:src\middlewares\cache.middleware.ts
FN:5,(anonymous_1)
FN:6,(anonymous_2)
FN:25,(anonymous_3)
FN:27,(anonymous_4)
FN:43,(anonymous_5)
FN:55,(anonymous_6)
FNF:6
FNH:6
FNDA:8,(anonymous_1)
FNDA:8,(anonymous_2)
FNDA:4,(anonymous_3)
FNDA:1,(anonymous_4)
FNDA:3,(anonymous_5)
FNDA:2,(anonymous_6)
DA:2,2
DA:5,2
DA:6,8
DA:7,8
DA:8,1
DA:11,7
DA:13,7
DA:14,7
DA:16,6
DA:17,1
DA:18,1
DA:21,5
DA:23,5
DA:25,5
DA:26,4
DA:27,3
DA:28,1
DA:31,4
DA:34,5
DA:36,2
DA:37,2
DA:43,2
DA:44,3
DA:45,3
DA:46,2
DA:47,1
DA:50,1
DA:55,2
DA:56,2
DA:57,2
DA:59,1
LF:31
LH:31
BRDA:5,0,0,0
BRDA:7,1,0,1
BRDA:7,1,1,7
BRDA:16,2,0,1
BRDA:16,2,1,5
BRDA:26,3,0,3
BRDA:26,3,1,1
BRDA:46,4,0,1
BRDA:46,4,1,1
BRF:9
BRH:8
end_of_record
TN:
SF:src\middlewares\catchAsyncError.ts
FN:3,(anonymous_0)
FN:4,(anonymous_1)
FNF:2
FNH:2
FNDA:17,(anonymous_0)
FNDA:55,(anonymous_1)
DA:3,5
DA:4,17
DA:5,55
LF:3
LH:3
BRF:0
BRH:0
end_of_record
TN:
SF:src\middlewares\error.ts
FN:6,(anonymous_0)
FN:12,(anonymous_1)
FNF:2
FNH:2
FNDA:39,(anonymous_0)
FNDA:13,(anonymous_1)
DA:7,39
DA:8,39
DA:12,6
DA:18,13
DA:19,1
DA:22,12
DA:23,12
DA:24,12
DA:26,12
DA:27,2
DA:30,12
DA:31,2
DA:34,12
DA:35,1
DA:38,12
DA:39,1
DA:42,12
DA:48,6
LF:18
LH:18
BRDA:18,0,0,1
BRDA:18,0,1,12
BRDA:23,1,0,12
BRDA:23,1,1,2
BRDA:24,2,0,12
BRDA:24,2,1,7
BRDA:26,3,0,2
BRDA:26,3,1,10
BRDA:30,4,0,2
BRDA:30,4,1,10
BRDA:34,5,0,1
BRDA:34,5,1,11
BRDA:38,6,0,1
BRDA:38,6,1,11
BRF:14
BRH:14
end_of_record
TN:
SF:src\middlewares\sse.middleware.ts
FN:3,(anonymous_0)
FN:12,(anonymous_1)
FN:18,(anonymous_2)
FNF:3
FNH:0
FNDA:0,(anonymous_0)
FNDA:0,(anonymous_1)
FNDA:0,(anonymous_2)
DA:3,0
DA:4,0
DA:5,0
DA:6,0
DA:7,0
DA:8,0
DA:10,0
DA:12,0
DA:13,0
DA:16,0
DA:18,0
DA:19,0
DA:20,0
DA:23,0
LF:14
LH:0
BRF:0
BRH:0
end_of_record
TN:
SF:src\middlewares\validate.middleware.ts
FN:5,(anonymous_0)
FN:6,(anonymous_1)
FN:15,(anonymous_2)
FN:27,(anonymous_3)
FN:28,(anonymous_4)
FN:37,(anonymous_5)
FNF:6
FNH:6
FNDA:4,(anonymous_0)
FNDA:4,(anonymous_1)
FNDA:6,(anonymous_2)
FNDA:6,(anonymous_3)
FNDA:6,(anonymous_4)
FNDA:6,(anonymous_5)
DA:2,1
DA:5,1
DA:6,4
DA:7,4
DA:8,4
DA:9,1
DA:11,3
DA:12,2
DA:15,6
DA:21,1
DA:27,1
DA:28,6
DA:29,6
DA:30,6
DA:31,2
DA:33,4
DA:34,3
DA:37,6
DA:43,1
LF:19
LH:19
BRDA:11,0,0,2
BRDA:11,0,1,1
BRDA:33,1,0,3
BRDA:33,1,1,1
BRF:4
BRH:4
end_of_record
TN:
SF:src\models\application.model.ts
FNF:0
FNH:0
DA:1,1
DA:2,1
DA:26,1
DA:96,1
LF:4
LH:4
BRF:0
BRH:0
end_of_record
TN:
SF:src\models\job.model.ts
FNF:0
FNH:0
DA:1,2
DA:18,2
DA:78,2
LF:3
LH:3
BRF:0
BRH:0
end_of_record
TN:
SF:src\models\user.model.ts
FN:51,(anonymous_1)
FN:59,(anonymous_2)
FN:66,(anonymous_3)
FNF:3
FNH:2
FNDA:0,(anonymous_1)
FNDA:2,(anonymous_2)
FNDA:3,(anonymous_3)
DA:1,4
DA:2,4
DA:3,4
DA:4,4
DA:17,4
DA:51,4
DA:52,0
DA:53,0
DA:55,0
DA:56,0
DA:59,4
DA:63,2
DA:66,4
DA:67,3
DA:71,3
DA:74,4
LF:16
LH:12
BRDA:52,0,0,0
BRDA:52,0,1,0
BRF:2
BRH:0
end_of_record
TN:
SF:src\routes\applicationRoutes.ts
FNF:0
FNH:0
DA:1,0
DA:2,0
DA:9,0
DA:10,0
DA:11,0
DA:13,0
DA:15,0
DA:16,0
DA:17,0
DA:18,0
DA:19,0
DA:21,0
LF:12
LH:0
BRF:0
BRH:0
end_of_record
TN:
SF:src\routes\jobRoutes.ts
FNF:0
FNH:0
DA:1,0
DA:2,0
DA:3,0
DA:4,0
DA:5,0
DA:6,0
DA:8,0
DA:10,0
DA:11,0
DA:12,0
DA:13,0
DA:14,0
DA:15,0
DA:17,0
LF:14
LH:0
BRF:0
BRH:0
end_of_record
TN:
SF:src\routes\resumeRoutes.ts
FNF:0
FNH:0
DA:1,0
DA:2,0
DA:3,0
DA:5,0
DA:7,0
DA:9,0
LF:6
LH:0
BRF:0
BRH:0
end_of_record
TN:
SF:src\routes\sseRoutes.ts
FNF:0
FNH:0
DA:1,0
DA:2,0
DA:3,0
DA:5,0
DA:7,0
DA:9,0
LF:6
LH:0
BRF:0
BRH:0
end_of_record
TN:
SF:src\routes\userRoutes.ts
FNF:0
FNH:0
DA:1,0
DA:2,0
DA:3,0
DA:4,0
DA:5,0
DA:7,0
DA:9,0
DA:10,0
DA:11,0
DA:12,0
DA:14,0
LF:11
LH:0
BRF:0
BRH:0
end_of_record
TN:
SF:src\services\email.service.ts
FN:11,(anonymous_1)
FNF:1
FNH:1
FNDA:12,(anonymous_1)
DA:1,2
DA:3,2
DA:11,2
DA:18,12
DA:22,12
DA:42,12
LF:6
LH:6
BRDA:18,0,0,10
BRDA:18,0,1,2
BRDA:22,1,0,10
BRDA:22,1,1,2
BRF:4
BRH:4
end_of_record
TN:
SF:src\services\resumeParser.service.ts
FN:19,(anonymous_1)
FN:24,(anonymous_2)
FN:43,(anonymous_3)
FN:62,(anonymous_4)
FN:82,(anonymous_5)
FN:86,(anonymous_6)
FN:93,(anonymous_7)
FN:98,(anonymous_8)
FN:106,(anonymous_9)
FN:123,(anonymous_10)
FN:128,(anonymous_11)
FN:133,(anonymous_12)
FN:136,(anonymous_13)
FN:141,(anonymous_14)
FN:149,(anonymous_15)
FNF:15
FNH:15
FNDA:50,(anonymous_1)
FNDA:5,(anonymous_2)
FNDA:4,(anonymous_3)
FNDA:4,(anonymous_4)
FNDA:3,(anonymous_5)
FNDA:3,(anonymous_6)
FNDA:2,(anonymous_7)
FNDA:2,(anonymous_8)
FNDA:7,(anonymous_9)
FNDA:6,(anonymous_10)
FNDA:7,(anonymous_11)
FNDA:11,(anonymous_12)
FNDA:103,(anonymous_13)
FNDA:7,(anonymous_14)
FNDA:161,(anonymous_15)
DA:1,2
DA:2,2
DA:3,2
DA:15,2
DA:20,50
DA:21,50
DA:25,5
DA:26,4
DA:27,4
DA:28,4
DA:29,0
DA:32,0
DA:36,5
DA:37,1
DA:40,4
DA:44,4
DA:45,4
DA:46,4
DA:48,0
DA:55,0
DA:57,4
DA:58,4
DA:63,4
DA:64,4
DA:65,4
DA:67,3
DA:77,1
DA:78,1
DA:83,3
DA:87,3
DA:93,2
DA:98,2
DA:107,7
DA:113,7
DA:114,18
DA:115,18
DA:116,4
DA:117,4
DA:120,3
DA:124,6
DA:125,6
DA:129,7
DA:130,7
DA:134,11
DA:135,11
DA:136,103
DA:138,2
DA:142,7
DA:149,7
DA:150,161
LF:50
LH:46
BRDA:20,0,0,50
BRDA:20,0,1,1
BRDA:21,1,0,50
BRDA:21,1,1,0
BRDA:25,2,0,4
BRDA:25,2,1,1
BRDA:28,3,0,0
BRDA:28,3,1,4
BRDA:28,4,0,4
BRDA:28,4,1,0
BRDA:28,4,2,0
BRDA:36,5,0,1
BRDA:36,5,1,4
BRDA:57,6,0,4
BRDA:57,6,1,4
BRDA:68,7,0,3
BRDA:68,7,1,1
BRDA:69,8,0,3
BRDA:69,8,1,0
BRDA:70,9,0,3
BRDA:70,9,1,0
BRDA:71,10,0,3
BRDA:71,10,1,1
BRDA:88,11,0,3
BRDA:88,11,1,2
BRDA:88,11,2,1
BRDA:89,12,0,3
BRDA:89,12,1,2
BRDA:90,13,0,3
BRDA:90,13,1,2
BRDA:90,13,2,1
BRDA:91,14,0,3
BRDA:91,14,1,2
BRDA:91,14,2,1
BRDA:92,15,0,3
BRDA:92,15,1,2
BRDA:93,16,0,3
BRDA:93,16,1,1
BRDA:94,17,0,2
BRDA:94,17,1,0
BRDA:95,18,0,2
BRDA:95,18,1,1
BRDA:95,18,2,0
BRDA:96,19,0,2
BRDA:96,19,1,1
BRDA:96,19,2,0
BRDA:98,20,0,3
BRDA:98,20,1,1
BRDA:99,21,0,2
BRDA:99,21,1,1
BRDA:99,21,2,0
BRDA:100,22,0,2
BRDA:100,22,1,1
BRDA:100,22,2,0
BRDA:101,23,0,2
BRDA:101,23,1,1
BRDA:101,23,2,0
BRDA:115,24,0,4
BRDA:115,24,1,14
BRDA:117,25,0,4
BRDA:117,25,1,0
BRDA:117,26,0,4
BRDA:117,26,1,4
BRDA:125,27,0,5
BRDA:125,27,1,1
BRDA:130,28,0,6
BRDA:130,28,1,1
BRDA:136,29,0,9
BRDA:136,29,1,13
BRF:69
BRH:56
end_of_record
TN:
SF:src\utils\cacheKeys.ts
FN:4,(anonymous_0)
FN:9,(anonymous_1)
FN:17,(anonymous_2)
FNF:3
FNH:3
FNDA:2,(anonymous_0)
FNDA:2,(anonymous_1)
FNDA:2,(anonymous_2)
DA:4,1
DA:5,2
DA:9,1
DA:10,2
DA:14,1
DA:17,1
DA:18,2
LF:7
LH:7
BRF:0
BRH:0
end_of_record
TN:
SF:src\utils\jwtToken.ts
FN:4,(anonymous_0)
FNF:1
FNH:1
FNDA:4,(anonymous_0)
DA:4,2
DA:5,4
DA:7,4
DA:15,4
LF:4
LH:4
BRF:0
BRH:0
end_of_record
TN:
SF:src\validators\application.validator.ts
FN:14,(anonymous_0)
FNF:1
FNH:1
FNDA:23,(anonymous_0)
DA:1,1
DA:3,1
DA:14,23
LF:3
LH:3
BRF:0
BRH:0
end_of_record
TN:
SF:src\validators\job.validator.ts
FN:5,(anonymous_0)
FN:6,(anonymous_1)
FN:9,(anonymous_2)
FN:46,(anonymous_3)
FNF:4
FNH:4
FNDA:30,(anonymous_0)
FNDA:30,(anonymous_1)
FNDA:16,(anonymous_2)
FNDA:8,(anonymous_3)
DA:1,1
DA:3,1
DA:5,30
DA:6,30
DA:9,1
DA:10,16
DA:11,16
DA:12,16
DA:15,1
DA:32,1
DA:47,8
DA:48,8
DA:49,8
DA:50,6
LF:14
LH:14
BRDA:5,0,0,1
BRDA:5,0,1,29
BRDA:6,1,0,30
BRDA:6,1,1,29
BRDA:11,2,0,16
BRDA:11,2,1,4
BRDA:12,3,0,16
BRDA:12,3,1,4
BRDA:12,3,2,15
BRDA:12,4,0,15
BRDA:12,4,1,12
BRDA:48,5,0,8
BRDA:48,5,1,3
BRDA:49,6,0,2
BRDA:49,6,1,6
BRDA:49,7,0,8
BRDA:49,7,1,5
BRDA:49,7,2,4
BRDA:49,7,3,3
BRDA:50,8,0,6
BRDA:50,8,1,3
BRDA:50,8,2,4
BRDA:50,9,0,4
BRDA:50,9,1,3
BRF:24
BRH:24
end_of_record
TN:
SF:src\validators\query.validator.ts
FN:3,(anonymous_0)
FN:8,(anonymous_1)
FN:17,(anonymous_2)
FN:18,(anonymous_3)
FN:19,(anonymous_4)
FN:24,(anonymous_5)
FN:30,(anonymous_6)
FNF:7
FNH:7
FNDA:2,(anonymous_0)
FNDA:60,(anonymous_1)
FNDA:30,(anonymous_2)
FNDA:30,(anonymous_3)
FNDA:30,(anonymous_4)
FNDA:30,(anonymous_5)
FNDA:30,(anonymous_6)
DA:1,1
DA:3,1
DA:4,2
DA:9,60
DA:10,60
DA:13,1
DA:17,30
DA:18,30
DA:19,30
DA:24,30
DA:30,30
LF:11
LH:11
BRDA:10,0,0,3
BRDA:10,0,1,57
BRDA:24,1,0,6
BRDA:24,1,1,24
BRDA:24,2,0,6
BRDA:24,2,1,2
BRDA:30,3,0,4
BRDA:30,3,1,26
BRDA:30,4,0,4
BRDA:30,4,1,0
BRF:10
BRH:9
end_of_record
TN:
SF:src\validators\user.validator.ts
FN:14,(anonymous_0)
FNF:1
FNH:1
FNDA:17,(anonymous_0)
DA:1,1
DA:3,1
DA:14,17
DA:27,1
LF:4
LH:4
BRF:0
BRH:0
end_of_record
